<?xml version="1.0" encoding="UTF-8"?>
<!-- Generated by org.testng.reporters.JUnitReportReporter -->
<testsuite hostname="Hariharan" failures="0" tests="2" name="Extent_Reports.Search_Test" time="6.428" errors="0" timestamp="2024-02-09T12:28:42 IST" skipped="0">
  <testcase classname="Extent_Reports.Search_Test" name="testSearch1" time="3.219"/>
  <testcase classname="Extent_Reports.Search_Test" name="testSearch2" time="3.209"/>
</testsuite> <!-- Extent_Reports.Search_Test -->
